#
# A fatal error has been detected by the Java Runtime Environment:
#
#  EXCEPTION_ACCESS_VIOLATION (0xc0000005) at pc=0x00007ffabb955023, pid=11100, tid=7424
#
# JRE version: Java(TM) SE Runtime Environment 18.9 (11.0.16.1+1) (build 11.0.16.1+1-LTS-1)
# Java VM: Java HotSpot(TM) 64-Bit Server VM 18.9 (11.0.16.1+1-LTS-1, mixed mode, tiered, compressed oops, g1 gc, windows-amd64)
# Problematic frame:
# V  [jvm.dll+0x1f5023]
#
# No core dump will be written. Minidumps are not enabled by default on client versions of Windows
#
# If you would like to submit a bug report, please visit:
#   https://bugreport.java.com/bugreport/crash.jsp
#

---------------  S U M M A R Y ------------

Command Line: -Dfile.encoding=UTF-8 --module-path=C:\Users\Nopal Nich\Documents\NetBeansProjects\Aplikasi Monitoring Tambak\build\classes GUIview.LoginForm

Host: Intel(R) Core(TM) i7-1065G7 CPU @ 1.30GHz, 8 cores, 15G,  Windows 11 , 64 bit Build 22000 (10.0.22000.1335)
Time: Tue Jan 17 12:41:01 2023 SE Asia Standard Time elapsed time: 842.646172 seconds (0d 0h 14m 2s)

---------------  T H R E A D  ---------------

Current thread (0x000001677e024000):  JavaThread "C1 CompilerThread0" daemon [_thread_in_vm, id=7424, stack(0x0000000844900000,0x0000000844a00000)]


Current CompileTask:
C1: 842646 3678       3       sun.java2d.pipe.ValidatePipe::drawString (23 bytes)

Stack: [0x0000000844900000,0x0000000844a00000],  sp=0x00000008449fdea0,  free space=1015k
Native frames: (J=compiled Java code, j=interpreted, Vv=VM code, C=native code)
V  [jvm.dll+0x1f5023]
V  [jvm.dll+0x52213d]
V  [jvm.dll+0x52158b]
V  [jvm.dll+0x1a064c]
V  [jvm.dll+0x19d52c]
V  [jvm.dll+0x1224d4]
V  [jvm.dll+0x124909]
V  [jvm.dll+0x122dd4]
V  [jvm.dll+0x12b73b]
V  [jvm.dll+0x12accd]
V  [jvm.dll+0x1225c3]
V  [jvm.dll+0x124909]
V  [jvm.dll+0x122cdc]
V  [jvm.dll+0x12b73b]
V  [jvm.dll+0x12accd]
V  [jvm.dll+0x1225c3]
V  [jvm.dll+0x124909]
V  [jvm.dll+0x122dd4]
V  [jvm.dll+0x11cb1c]
V  [jvm.dll+0x12ca2a]
V  [jvm.dll+0x117e69]
V  [jvm.dll+0x1181d0]
V  [jvm.dll+0x11848f]
V  [jvm.dll+0x117734]
V  [jvm.dll+0x119607]
V  [jvm.dll+0x207186]
V  [jvm.dll+0x20531b]
V  [jvm.dll+0x729f60]
V  [jvm.dll+0x722b34]
V  [jvm.dll+0x629276]
C  [ucrtbase.dll+0x26c0c]
C  [KERNEL32.DLL+0x155a0]
C  [ntdll.dll+0x485b]


siginfo: EXCEPTION_ACCESS_VIOLATION (0xc0000005), reading address 0xffffffffffffffff


Register to memory mapping:

RIP=0x00007ffabb955023 jvm.dll
RAX=0x010001677fed8490 is an unknown value
RBX=0x00000008449fdf38 is pointing into the stack for thread: 0x000001677e024000
RCX=0x00000008449fdf38 is pointing into the stack for thread: 0x000001677e024000
RDX=0x000001677e024000 is a thread
RSP=0x00000008449fdea0 is pointing into the stack for thread: 0x000001677e024000
RBP=0x00000008449fdf60 is pointing into the stack for thread: 0x000001677e024000
RSI=0x0000000000000015 is an unknown value
RDI=0x000001677e024000 is a thread
R8 =0x0000000000000004 is an unknown value
R9 =0x0000000000000004 is an unknown value
R10=0x000001677d70b100 points into unknown readable memory: 0x0000001e00000005 | 05 00 00 00 1e 00 00 00
R11=0x0 is NULL
R12=0x00000008449fdff0 is pointing into the stack for thread: 0x000001677e024000
R13=0x00000008000dcc38 is a pointer to class: 
sun.java2d.SurfaceData {0x00000008000dcc40}
R14=0x0000000000000001 is an unknown value
R15=0x00000008000dcc38 is a pointer to class: 
sun.java2d.SurfaceData {0x00000008000dcc40}


Registers:
RAX=0x010001677fed8490, RBX=0x00000008449fdf38, RCX=0x00000008449fdf38, RDX=0x000001677e024000
RSP=0x00000008449fdea0, RBP=0x00000008449fdf60, RSI=0x0000000000000015, RDI=0x000001677e024000
R8 =0x0000000000000004, R9 =0x0000000000000004, R10=0x000001677d70b100, R11=0x0000000000000000
R12=0x00000008449fdff0, R13=0x00000008000dcc38, R14=0x0000000000000001, R15=0x00000008000dcc38
RIP=0x00007ffabb955023, EFLAGS=0x0000000000010206

Top of Stack: (sp=0x00000008449fdea0)
0x00000008449fdea0:   00000008449fdf60 0000000000000008
0x00000008449fdeb0:   000001677f110700 000001677fbf1d20
0x00000008449fdec0:   00000008449fdf38 00007ffabba8ad86
0x00000008449fded0:   00000008449fe010 0000000000000015
0x00000008449fdee0:   0000016700000001 0000000000000001
0x00000008449fdef0:   00000008449fdfd8 00007ffabbc8213d
0x00000008449fdf00:   000001677e024000 000001677e024000
0x00000008449fdf10:   000000000000007b 000001677e730620
0x00000008449fdf20:   000001677fbf11f0 000001677e730608
0x00000008449fdf30:   010001677fed8490 010001677fed8490
0x00000008449fdf40:   000001677e024000 010001677fed8490
0x00000008449fdf50:   000001677e024000 00000008000dcc38
0x00000008449fdf60:   00000008000dcc38 000001677f431d80
0x00000008449fdf70:   000001677fbf11f0 00000008449fe0a0
0x00000008449fdf80:   00000008449fe0b0 00007ffabbc8158b
0x00000008449fdf90:   0000000000000000 000001677e024000 

Instructions: (pc=0x00007ffabb955023)
0x00007ffabb955003:   60 48 cc cc cc cc cc cc cc cc cc cc cc 48 89 5c
0x00007ffabb955013:   24 08 57 48 83 ec 50 48 8b 01 48 8b fa 48 8b d9
0x00007ffabb955023:   48 8b 40 40 48 85 c0 0f 85 ee 00 00 00 8d 50 ff
0x00007ffabb955033:   e8 18 fd ff ff 84 c0 0f 84 de 00 00 00 80 3d 87 


Stack slot to memory mapping:
stack at sp + 0 slots: 0x00000008449fdf60 is pointing into the stack for thread: 0x000001677e024000
stack at sp + 1 slots: 0x0000000000000008 is an unknown value
stack at sp + 2 slots: 0x000001677f110700 points into unknown readable memory: 0x000001677e01ea00 | 00 ea 01 7e 67 01 00 00
stack at sp + 3 slots: 0x000001677fbf1d20 points into unknown readable memory: 0x00007ffabbfa7160 | 60 71 fa bb fa 7f 00 00
stack at sp + 4 slots: 0x00000008449fdf38 is pointing into the stack for thread: 0x000001677e024000
stack at sp + 5 slots: 0x00007ffabba8ad86 jvm.dll
stack at sp + 6 slots: 0x00000008449fe010 is pointing into the stack for thread: 0x000001677e024000
stack at sp + 7 slots: 0x0000000000000015 is an unknown value


---------------  P R O C E S S  ---------------

Threads class SMR info:
_java_thread_list=0x000001677f56fea0, length=19, elements={
0x000001677df97800, 0x000001677df98800, 0x000001677e010800, 0x000001677e013000,
0x000001677e014000, 0x000001677e018800, 0x000001677e024000, 0x000001677e02c800,
0x000001677e198800, 0x000001677ef68800, 0x000001677e8d5000, 0x000001677e907000,
0x000001677e836000, 0x000001675abfd800, 0x000001677ea05000, 0x000001677f39e800,
0x000001677f215800, 0x000001677f7a8000, 0x00000167025f2800
}

Java Threads: ( => current thread )
  0x000001677df97800 JavaThread "Reference Handler" daemon [_thread_blocked, id=8080, stack(0x0000000844300000,0x0000000844400000)]
  0x000001677df98800 JavaThread "Finalizer" daemon [_thread_blocked, id=5096, stack(0x0000000844400000,0x0000000844500000)]
  0x000001677e010800 JavaThread "Signal Dispatcher" daemon [_thread_blocked, id=7688, stack(0x0000000844500000,0x0000000844600000)]
  0x000001677e013000 JavaThread "Attach Listener" daemon [_thread_blocked, id=6760, stack(0x0000000844600000,0x0000000844700000)]
  0x000001677e014000 JavaThread "Service Thread" daemon [_thread_blocked, id=7364, stack(0x0000000844700000,0x0000000844800000)]
  0x000001677e018800 JavaThread "C2 CompilerThread0" daemon [_thread_in_native, id=840, stack(0x0000000844800000,0x0000000844900000)]
=>0x000001677e024000 JavaThread "C1 CompilerThread0" daemon [_thread_in_vm, id=7424, stack(0x0000000844900000,0x0000000844a00000)]
  0x000001677e02c800 JavaThread "Sweeper thread" daemon [_thread_blocked, id=5272, stack(0x0000000844a00000,0x0000000844b00000)]
  0x000001677e198800 JavaThread "Common-Cleaner" daemon [_thread_blocked, id=5536, stack(0x0000000844b00000,0x0000000844c00000)]
  0x000001677ef68800 JavaThread "Java2D Disposer" daemon [_thread_blocked, id=1752, stack(0x0000000844e00000,0x0000000844f00000)]
  0x000001677e8d5000 JavaThread "AWT-Shutdown" [_thread_blocked, id=13580, stack(0x0000000844f00000,0x0000000845000000)]
  0x000001677e907000 JavaThread "AWT-Windows" daemon [_thread_in_native, id=3104, stack(0x0000000845000000,0x0000000845100000)]
  0x000001677e836000 JavaThread "AWT-EventQueue-0" [_thread_blocked, id=1796, stack(0x0000000845100000,0x0000000845200000)]
  0x000001675abfd800 JavaThread "DestroyJavaVM" [_thread_blocked, id=1228, stack(0x0000000843c00000,0x0000000843d00000)]
  0x000001677ea05000 JavaThread "TimerQueue" daemon [_thread_blocked, id=5788, stack(0x0000000845300000,0x0000000845400000)]
  0x000001677f39e800 JavaThread "mysql-cj-abandoned-connection-cleanup" daemon [_thread_blocked, id=14212, stack(0x0000000845700000,0x0000000845800000)]
  0x000001677f215800 JavaThread "C2 CompilerThread1" daemon [_thread_blocked, id=7884, stack(0x0000000843a00000,0x0000000843b00000)]
  0x000001677f7a8000 JavaThread "Image Fetcher 0" daemon [_thread_blocked, id=12420, stack(0x0000000843b00000,0x0000000843c00000)]
  0x00000167025f2800 JavaThread "C2 CompilerThread2" daemon [_thread_blocked, id=1876, stack(0x0000000844c00000,0x0000000844d00000)]

Other Threads:
  0x000001677df96000 VMThread "VM Thread" [stack: 0x0000000844200000,0x0000000844300000] [id=6068]
  0x000001677e453000 WatcherThread [stack: 0x0000000844d00000,0x0000000844e00000] [id=4524]
  0x000001675ac11800 GCTaskThread "GC Thread#0" [stack: 0x0000000843d00000,0x0000000843e00000] [id=10680]
  0x000001677f81a800 GCTaskThread "GC Thread#1" [stack: 0x0000000845800000,0x0000000845900000] [id=4520]
  0x000001677f815800 GCTaskThread "GC Thread#2" [stack: 0x0000000845900000,0x0000000845a00000] [id=12524]
  0x000001677f765800 GCTaskThread "GC Thread#3" [stack: 0x0000000845a00000,0x0000000845b00000] [id=12404]
  0x000001677f878000 GCTaskThread "GC Thread#4" [stack: 0x0000000845b00000,0x0000000845c00000] [id=1052]
  0x000001677f6aa000 GCTaskThread "GC Thread#5" [stack: 0x0000000845c00000,0x0000000845d00000] [id=8580]
  0x000001675ac6d800 ConcurrentGCThread "G1 Main Marker" [stack: 0x0000000843e00000,0x0000000843f00000] [id=6360]
  0x000001675ac6e800 ConcurrentGCThread "G1 Conc#0" [stack: 0x0000000843f00000,0x0000000844000000] [id=6048]
  0x000001677e30e000 ConcurrentGCThread "G1 Conc#1" [stack: 0x0000000845e00000,0x0000000845f00000] [id=12812]
  0x000001677d5f1000 ConcurrentGCThread "G1 Refine#0" [stack: 0x0000000844000000,0x0000000844100000] [id=8932]
  0x000001677e76e000 ConcurrentGCThread "G1 Refine#1" [stack: 0x0000000845d00000,0x0000000845e00000] [id=12500]
  0x000001677d5f6000 ConcurrentGCThread "G1 Young RemSet Sampling" [stack: 0x0000000844100000,0x0000000844200000] [id=13768]

Threads with active compile tasks:
C2 CompilerThread0   842688 3512       4       javax.swing.plaf.nimbus.NimbusDefaults$LazyStyle::matches (229 bytes)
C1 CompilerThread0   842689 3678       3       sun.java2d.pipe.ValidatePipe::drawString (23 bytes)

VM state:not at safepoint (normal execution)

VM Mutex/Monitor currently owned by a thread: None

Heap address: 0x0000000704000000, size: 4032 MB, Compressed Oops mode: Zero based, Oop shift amount: 3
Narrow klass base: 0x0000000800000000, Narrow klass shift: 0
Compressed class space size: 1073741824 Address: 0x0000000800000000

Heap:
 garbage-first heap   total 258048K, used 42900K [0x0000000704000000, 0x0000000800000000)
  region size 1024K, 25 young (25600K), 2 survivors (2048K)
 Metaspace       used 27698K, capacity 28284K, committed 28416K, reserved 1075200K
  class space    used 3010K, capacity 3274K, committed 3328K, reserved 1048576K
Heap Regions: E=young(eden), S=young(survivor), O=old, HS=humongous(starts), HC=humongous(continues), CS=collection set, F=free, A=archive, TAMS=top-at-mark-start (previous, next)
|   0|0x0000000704000000, 0x0000000704100000, 0x0000000704100000|100%|HS|  |TAMS 0x0000000704000000, 0x0000000704000000| Complete 
|   1|0x0000000704100000, 0x0000000704200000, 0x0000000704200000|100%|HC|  |TAMS 0x0000000704100000, 0x0000000704100000| Complete 
|   2|0x0000000704200000, 0x0000000704300000, 0x0000000704300000|100%|HS|  |TAMS 0x0000000704300000, 0x0000000704200000| Complete 
|   3|0x0000000704300000, 0x0000000704400000, 0x0000000704400000|100%|HC|  |TAMS 0x0000000704400000, 0x0000000704300000| Complete 
|   4|0x0000000704400000, 0x0000000704500000, 0x0000000704500000|100%| O|  |TAMS 0x0000000704500000, 0x0000000704400000| Untracked 
|   5|0x0000000704500000, 0x0000000704600000, 0x0000000704600000|100%| O|  |TAMS 0x0000000704600000, 0x0000000704500000| Untracked 
|   6|0x0000000704600000, 0x0000000704700000, 0x0000000704700000|100%| O|  |TAMS 0x0000000704700000, 0x0000000704600000| Untracked 
|   7|0x0000000704700000, 0x0000000704800000, 0x0000000704800000|100%| O|  |TAMS 0x0000000704774e00, 0x0000000704700000| Untracked 
|   8|0x0000000704800000, 0x0000000704900000, 0x0000000704900000|100%| O|  |TAMS 0x0000000704800000, 0x0000000704800000| Untracked 
|   9|0x0000000704900000, 0x0000000704a00000, 0x0000000704a00000|100%| O|  |TAMS 0x0000000704900000, 0x0000000704900000| Untracked 
|  10|0x0000000704a00000, 0x0000000704a23200, 0x0000000704b00000| 13%| O|  |TAMS 0x0000000704a00000, 0x0000000704a00000| Untracked 
|  11|0x0000000704b00000, 0x0000000704c00000, 0x0000000704c00000|100%|HS|  |TAMS 0x0000000704b00000, 0x0000000704b00000| Complete 
|  12|0x0000000704c00000, 0x0000000704d00000, 0x0000000704d00000|100%|HC|  |TAMS 0x0000000704c00000, 0x0000000704c00000| Complete 
|  13|0x0000000704d00000, 0x0000000704e00000, 0x0000000704e00000|100%|HC|  |TAMS 0x0000000704d00000, 0x0000000704d00000| Complete 
|  14|0x0000000704e00000, 0x0000000704f00000, 0x0000000704f00000|100%|HC|  |TAMS 0x0000000704e00000, 0x0000000704e00000| Complete 
|  15|0x0000000704f00000, 0x0000000705000000, 0x0000000705000000|100%|HC|  |TAMS 0x0000000704f00000, 0x0000000704f00000| Complete 
|  16|0x0000000705000000, 0x0000000705100000, 0x0000000705100000|100%|HC|  |TAMS 0x0000000705000000, 0x0000000705000000| Complete 
|  17|0x0000000705100000, 0x0000000705200000, 0x0000000705200000|100%|HC|  |TAMS 0x0000000705100000, 0x0000000705100000| Complete 
|  18|0x0000000705200000, 0x0000000705300000, 0x0000000705300000|100%|HC|  |TAMS 0x0000000705200000, 0x0000000705200000| Complete 
|  19|0x0000000705300000, 0x0000000705300000, 0x0000000705400000|  0%| F|  |TAMS 0x0000000705300000, 0x0000000705300000| Untracked 
|  20|0x0000000705400000, 0x0000000705400000, 0x0000000705500000|  0%| F|  |TAMS 0x0000000705400000, 0x0000000705400000| Untracked 
|  21|0x0000000705500000, 0x0000000705500000, 0x0000000705600000|  0%| F|  |TAMS 0x0000000705500000, 0x0000000705500000| Untracked 
|  22|0x0000000705600000, 0x0000000705600000, 0x0000000705700000|  0%| F|  |TAMS 0x0000000705600000, 0x0000000705600000| Untracked 
|  23|0x0000000705700000, 0x0000000705700000, 0x0000000705800000|  0%| F|  |TAMS 0x0000000705700000, 0x0000000705700000| Untracked 
|  24|0x0000000705800000, 0x0000000705800000, 0x0000000705900000|  0%| F|  |TAMS 0x0000000705800000, 0x0000000705800000| Untracked 
|  25|0x0000000705900000, 0x0000000705900000, 0x0000000705a00000|  0%| F|  |TAMS 0x0000000705900000, 0x0000000705900000| Untracked 
|  26|0x0000000705a00000, 0x0000000705a00000, 0x0000000705b00000|  0%| F|  |TAMS 0x0000000705a00000, 0x0000000705a00000| Untracked 
|  27|0x0000000705b00000, 0x0000000705b00000, 0x0000000705c00000|  0%| F|  |TAMS 0x0000000705b00000, 0x0000000705b00000| Untracked 
|  28|0x0000000705c00000, 0x0000000705c00000, 0x0000000705d00000|  0%| F|  |TAMS 0x0000000705c00000, 0x0000000705c00000| Untracked 
|  29|0x0000000705d00000, 0x0000000705d00000, 0x0000000705e00000|  0%| F|  |TAMS 0x0000000705d00000, 0x0000000705d00000| Untracked 
|  30|0x0000000705e00000, 0x0000000705e00000, 0x0000000705f00000|  0%| F|  |TAMS 0x0000000705e00000, 0x0000000705e00000| Untracked 
|  31|0x0000000705f00000, 0x0000000705f00000, 0x0000000706000000|  0%| F|  |TAMS 0x0000000705f00000, 0x0000000705f00000| Untracked 
|  32|0x0000000706000000, 0x0000000706000000, 0x0000000706100000|  0%| F|  |TAMS 0x0000000706000000, 0x0000000706000000| Untracked 
|  33|0x0000000706100000, 0x0000000706100000, 0x0000000706200000|  0%| F|  |TAMS 0x0000000706100000, 0x0000000706100000| Untracked 
|  34|0x0000000706200000, 0x0000000706200000, 0x0000000706300000|  0%| F|  |TAMS 0x0000000706200000, 0x0000000706200000| Untracked 
|  35|0x0000000706300000, 0x0000000706300000, 0x0000000706400000|  0%| F|  |TAMS 0x0000000706300000, 0x0000000706300000| Untracked 
|  36|0x0000000706400000, 0x0000000706400000, 0x0000000706500000|  0%| F|  |TAMS 0x0000000706400000, 0x0000000706400000| Untracked 
|  37|0x0000000706500000, 0x0000000706500000, 0x0000000706600000|  0%| F|  |TAMS 0x0000000706500000, 0x0000000706500000| Untracked 
|  38|0x0000000706600000, 0x0000000706600000, 0x0000000706700000|  0%| F|  |TAMS 0x0000000706600000, 0x0000000706600000| Untracked 
|  39|0x0000000706700000, 0x0000000706700000, 0x0000000706800000|  0%| F|  |TAMS 0x0000000706700000, 0x0000000706700000| Untracked 
|  40|0x0000000706800000, 0x0000000706800000, 0x0000000706900000|  0%| F|  |TAMS 0x0000000706800000, 0x0000000706800000| Untracked 
|  41|0x0000000706900000, 0x0000000706900000, 0x0000000706a00000|  0%| F|  |TAMS 0x0000000706900000, 0x0000000706900000| Untracked 
|  42|0x0000000706a00000, 0x0000000706a00000, 0x0000000706b00000|  0%| F|  |TAMS 0x0000000706a00000, 0x0000000706a00000| Untracked 
|  43|0x0000000706b00000, 0x0000000706b00000, 0x0000000706c00000|  0%| F|  |TAMS 0x0000000706b00000, 0x0000000706b00000| Untracked 
|  44|0x0000000706c00000, 0x0000000706c00000, 0x0000000706d00000|  0%| F|  |TAMS 0x0000000706c00000, 0x0000000706c00000| Untracked 
|  45|0x0000000706d00000, 0x0000000706d00000, 0x0000000706e00000|  0%| F|  |TAMS 0x0000000706d00000, 0x0000000706d00000| Untracked 
|  46|0x0000000706e00000, 0x0000000706e00000, 0x0000000706f00000|  0%| F|  |TAMS 0x0000000706e00000, 0x0000000706e00000| Untracked 
|  47|0x0000000706f00000, 0x0000000706f00000, 0x0000000707000000|  0%| F|  |TAMS 0x0000000706f00000, 0x0000000706f00000| Untracked 
|  48|0x0000000707000000, 0x0000000707000000, 0x0000000707100000|  0%| F|  |TAMS 0x0000000707000000, 0x0000000707000000| Untracked 
|  49|0x0000000707100000, 0x0000000707100000, 0x0000000707200000|  0%| F|  |TAMS 0x0000000707100000, 0x0000000707100000| Untracked 
|  50|0x0000000707200000, 0x0000000707200000, 0x0000000707300000|  0%| F|  |TAMS 0x0000000707200000, 0x0000000707200000| Untracked 
|  51|0x0000000707300000, 0x0000000707300000, 0x0000000707400000|  0%| F|  |TAMS 0x0000000707300000, 0x0000000707300000| Untracked 
|  52|0x0000000707400000, 0x0000000707400000, 0x0000000707500000|  0%| F|  |TAMS 0x0000000707400000, 0x0000000707400000| Untracked 
|  53|0x0000000707500000, 0x0000000707500000, 0x0000000707600000|  0%| F|  |TAMS 0x0000000707500000, 0x0000000707500000| Untracked 
|  54|0x0000000707600000, 0x0000000707600000, 0x0000000707700000|  0%| F|  |TAMS 0x0000000707600000, 0x0000000707600000| Untracked 
|  55|0x0000000707700000, 0x0000000707700000, 0x0000000707800000|  0%| F|  |TAMS 0x0000000707700000, 0x0000000707700000| Untracked 
|  56|0x0000000707800000, 0x0000000707800000, 0x0000000707900000|  0%| F|  |TAMS 0x0000000707800000, 0x0000000707800000| Untracked 
|  57|0x0000000707900000, 0x0000000707900000, 0x0000000707a00000|  0%| F|  |TAMS 0x0000000707900000, 0x0000000707900000| Untracked 
|  58|0x0000000707a00000, 0x0000000707a00000, 0x0000000707b00000|  0%| F|  |TAMS 0x0000000707a00000, 0x0000000707a00000| Untracked 
|  59|0x0000000707b00000, 0x0000000707b00000, 0x0000000707c00000|  0%| F|  |TAMS 0x0000000707b00000, 0x0000000707b00000| Untracked 
|  60|0x0000000707c00000, 0x0000000707c00000, 0x0000000707d00000|  0%| F|  |TAMS 0x0000000707c00000, 0x0000000707c00000| Untracked 
|  61|0x0000000707d00000, 0x0000000707d00000, 0x0000000707e00000|  0%| F|  |TAMS 0x0000000707d00000, 0x0000000707d00000| Untracked 
|  62|0x0000000707e00000, 0x0000000707e00000, 0x0000000707f00000|  0%| F|  |TAMS 0x0000000707e00000, 0x0000000707e00000| Untracked 
|  63|0x0000000707f00000, 0x0000000707f00000, 0x0000000708000000|  0%| F|  |TAMS 0x0000000707f00000, 0x0000000707f00000| Untracked 
|  64|0x0000000708000000, 0x0000000708000000, 0x0000000708100000|  0%| F|  |TAMS 0x0000000708000000, 0x0000000708000000| Untracked 
|  65|0x0000000708100000, 0x0000000708100000, 0x0000000708200000|  0%| F|  |TAMS 0x0000000708100000, 0x0000000708100000| Untracked 
|  66|0x0000000708200000, 0x0000000708200000, 0x0000000708300000|  0%| F|  |TAMS 0x0000000708200000, 0x0000000708200000| Untracked 
|  67|0x0000000708300000, 0x0000000708300000, 0x0000000708400000|  0%| F|  |TAMS 0x0000000708300000, 0x0000000708300000| Untracked 
|  68|0x0000000708400000, 0x0000000708400000, 0x0000000708500000|  0%| F|  |TAMS 0x0000000708400000, 0x0000000708400000| Untracked 
|  69|0x0000000708500000, 0x0000000708500000, 0x0000000708600000|  0%| F|  |TAMS 0x0000000708500000, 0x0000000708500000| Untracked 
|  70|0x0000000708600000, 0x0000000708600000, 0x0000000708700000|  0%| F|  |TAMS 0x0000000708600000, 0x0000000708600000| Untracked 
|  71|0x0000000708700000, 0x0000000708700000, 0x0000000708800000|  0%| F|  |TAMS 0x0000000708700000, 0x0000000708700000| Untracked 
|  72|0x0000000708800000, 0x0000000708800000, 0x0000000708900000|  0%| F|  |TAMS 0x0000000708800000, 0x0000000708800000| Untracked 
|  73|0x0000000708900000, 0x0000000708900000, 0x0000000708a00000|  0%| F|  |TAMS 0x0000000708900000, 0x0000000708900000| Untracked 
|  74|0x0000000708a00000, 0x0000000708a00000, 0x0000000708b00000|  0%| F|  |TAMS 0x0000000708a00000, 0x0000000708a00000| Untracked 
|  75|0x0000000708b00000, 0x0000000708b00000, 0x0000000708c00000|  0%| F|  |TAMS 0x0000000708b00000, 0x0000000708b00000| Untracked 
|  76|0x0000000708c00000, 0x0000000708c00000, 0x0000000708d00000|  0%| F|  |TAMS 0x0000000708c00000, 0x0000000708c00000| Untracked 
|  77|0x0000000708d00000, 0x0000000708d00000, 0x0000000708e00000|  0%| F|  |TAMS 0x0000000708d00000, 0x0000000708d00000| Untracked 
|  78|0x0000000708e00000, 0x0000000708e00000, 0x0000000708f00000|  0%| F|  |TAMS 0x0000000708e00000, 0x0000000708e00000| Untracked 
|  79|0x0000000708f00000, 0x0000000708f00000, 0x0000000709000000|  0%| F|  |TAMS 0x0000000708f00000, 0x0000000708f00000| Untracked 
|  80|0x0000000709000000, 0x0000000709000000, 0x0000000709100000|  0%| F|  |TAMS 0x0000000709000000, 0x0000000709000000| Untracked 
|  81|0x0000000709100000, 0x0000000709100000, 0x0000000709200000|  0%| F|  |TAMS 0x0000000709100000, 0x0000000709100000| Untracked 
|  82|0x0000000709200000, 0x0000000709200000, 0x0000000709300000|  0%| F|  |TAMS 0x0000000709200000, 0x0000000709200000| Untracked 
|  83|0x0000000709300000, 0x0000000709300000, 0x0000000709400000|  0%| F|  |TAMS 0x0000000709300000, 0x0000000709300000| Untracked 
|  84|0x0000000709400000, 0x0000000709400000, 0x0000000709500000|  0%| F|  |TAMS 0x0000000709400000, 0x0000000709400000| Untracked 
|  85|0x0000000709500000, 0x0000000709500000, 0x0000000709600000|  0%| F|  |TAMS 0x0000000709500000, 0x0000000709500000| Untracked 
|  86|0x0000000709600000, 0x0000000709600000, 0x0000000709700000|  0%| F|  |TAMS 0x0000000709600000, 0x0000000709600000| Untracked 
|  87|0x0000000709700000, 0x0000000709700000, 0x0000000709800000|  0%| F|  |TAMS 0x0000000709700000, 0x0000000709700000| Untracked 
|  88|0x0000000709800000, 0x0000000709800000, 0x0000000709900000|  0%| F|  |TAMS 0x0000000709800000, 0x0000000709800000| Untracked 
|  89|0x0000000709900000, 0x0000000709900000, 0x0000000709a00000|  0%| F|  |TAMS 0x0000000709900000, 0x0000000709900000| Untracked 
|  90|0x0000000709a00000, 0x0000000709a00000, 0x0000000709b00000|  0%| F|  |TAMS 0x0000000709a00000, 0x0000000709a00000| Untracked 
|  91|0x0000000709b00000, 0x0000000709b00000, 0x0000000709c00000|  0%| F|  |TAMS 0x0000000709b00000, 0x0000000709b00000| Untracked 
|  92|0x0000000709c00000, 0x0000000709c00000, 0x0000000709d00000|  0%| F|  |TAMS 0x0000000709c00000, 0x0000000709c00000| Untracked 
|  93|0x0000000709d00000, 0x0000000709d00000, 0x0000000709e00000|  0%| F|  |TAMS 0x0000000709d00000, 0x0000000709d00000| Untracked 
|  94|0x0000000709e00000, 0x0000000709e00000, 0x0000000709f00000|  0%| F|  |TAMS 0x0000000709e00000, 0x0000000709e00000| Untracked 
|  95|0x0000000709f00000, 0x0000000709f00000, 0x000000070a000000|  0%| F|  |TAMS 0x0000000709f00000, 0x0000000709f00000| Untracked 
|  96|0x000000070a000000, 0x000000070a000000, 0x000000070a100000|  0%| F|  |TAMS 0x000000070a000000, 0x000000070a000000| Untracked 
|  97|0x000000070a100000, 0x000000070a100000, 0x000000070a200000|  0%| F|  |TAMS 0x000000070a100000, 0x000000070a100000| Untracked 
|  98|0x000000070a200000, 0x000000070a200000, 0x000000070a300000|  0%| F|  |TAMS 0x000000070a200000, 0x000000070a200000| Untracked 
|  99|0x000000070a300000, 0x000000070a300000, 0x000000070a400000|  0%| F|  |TAMS 0x000000070a300000, 0x000000070a300000| Untracked 
| 100|0x000000070a400000, 0x000000070a400000, 0x000000070a500000|  0%| F|  |TAMS 0x000000070a400000, 0x000000070a400000| Untracked 
| 101|0x000000070a500000, 0x000000070a500000, 0x000000070a600000|  0%| F|  |TAMS 0x000000070a500000, 0x000000070a500000| Untracked 
| 102|0x000000070a600000, 0x000000070a600000, 0x000000070a700000|  0%| F|  |TAMS 0x000000070a600000, 0x000000070a600000| Untracked 
| 103|0x000000070a700000, 0x000000070a700000, 0x000000070a800000|  0%| F|  |TAMS 0x000000070a700000, 0x000000070a700000| Untracked 
| 104|0x000000070a800000, 0x000000070a800000, 0x000000070a900000|  0%| F|  |TAMS 0x000000070a800000, 0x000000070a800000| Untracked 
| 105|0x000000070a900000, 0x000000070a900000, 0x000000070aa00000|  0%| F|  |TAMS 0x000000070a900000, 0x000000070a900000| Untracked 
| 106|0x000000070aa00000, 0x000000070aa00000, 0x000000070ab00000|  0%| F|  |TAMS 0x000000070aa00000, 0x000000070aa00000| Untracked 
| 107|0x000000070ab00000, 0x000000070ab00000, 0x000000070ac00000|  0%| F|  |TAMS 0x000000070ab00000, 0x000000070ab00000| Untracked 
| 108|0x000000070ac00000, 0x000000070ac00000, 0x000000070ad00000|  0%| F|  |TAMS 0x000000070ac00000, 0x000000070ac00000| Untracked 
| 109|0x000000070ad00000, 0x000000070ad00000, 0x000000070ae00000|  0%| F|  |TAMS 0x000000070ad00000, 0x000000070ad00000| Untracked 
| 110|0x000000070ae00000, 0x000000070ae00000, 0x000000070af00000|  0%| F|  |TAMS 0x000000070ae00000, 0x000000070ae00000| Untracked 
| 111|0x000000070af00000, 0x000000070af00000, 0x000000070b000000|  0%| F|  |TAMS 0x000000070af00000, 0x000000070af00000| Untracked 
| 112|0x000000070b000000, 0x000000070b000000, 0x000000070b100000|  0%| F|  |TAMS 0x000000070b000000, 0x000000070b000000| Untracked 
| 113|0x000000070b100000, 0x000000070b100000, 0x000000070b200000|  0%| F|  |TAMS 0x000000070b100000, 0x000000070b100000| Untracked 
| 114|0x000000070b200000, 0x000000070b200000, 0x000000070b300000|  0%| F|  |TAMS 0x000000070b200000, 0x000000070b200000| Untracked 
| 115|0x000000070b300000, 0x000000070b300000, 0x000000070b400000|  0%| F|  |TAMS 0x000000070b300000, 0x000000070b300000| Untracked 
| 116|0x000000070b400000, 0x000000070b400000, 0x000000070b500000|  0%| F|  |TAMS 0x000000070b400000, 0x000000070b400000| Untracked 
| 117|0x000000070b500000, 0x000000070b500000, 0x000000070b600000|  0%| F|  |TAMS 0x000000070b500000, 0x000000070b500000| Untracked 
| 118|0x000000070b600000, 0x000000070b600000, 0x000000070b700000|  0%| F|  |TAMS 0x000000070b600000, 0x000000070b600000| Untracked 
| 119|0x000000070b700000, 0x000000070b700000, 0x000000070b800000|  0%| F|  |TAMS 0x000000070b700000, 0x000000070b700000| Untracked 
| 120|0x000000070b800000, 0x000000070b800000, 0x000000070b900000|  0%| F|  |TAMS 0x000000070b800000, 0x000000070b800000| Untracked 
| 121|0x000000070b900000, 0x000000070b900000, 0x000000070ba00000|  0%| F|  |TAMS 0x000000070b900000, 0x000000070b900000| Untracked 
| 122|0x000000070ba00000, 0x000000070ba00000, 0x000000070bb00000|  0%| F|  |TAMS 0x000000070ba00000, 0x000000070ba00000| Untracked 
| 123|0x000000070bb00000, 0x000000070bb00000, 0x000000070bc00000|  0%| F|  |TAMS 0x000000070bb00000, 0x000000070bb00000| Untracked 
| 124|0x000000070bc00000, 0x000000070bc00000, 0x000000070bd00000|  0%| F|  |TAMS 0x000000070bc00000, 0x000000070bc00000| Untracked 
| 125|0x000000070bd00000, 0x000000070bd00000, 0x000000070be00000|  0%| F|  |TAMS 0x000000070bd00000, 0x000000070bd00000| Untracked 
| 126|0x000000070be00000, 0x000000070be00000, 0x000000070bf00000|  0%| F|  |TAMS 0x000000070be00000, 0x000000070be00000| Untracked 
| 127|0x000000070bf00000, 0x000000070bf00000, 0x000000070c000000|  0%| F|  |TAMS 0x000000070bf00000, 0x000000070bf00000| Untracked 
| 128|0x000000070c000000, 0x000000070c000000, 0x000000070c100000|  0%| F|  |TAMS 0x000000070c000000, 0x000000070c000000| Untracked 
| 129|0x000000070c100000, 0x000000070c100000, 0x000000070c200000|  0%| F|  |TAMS 0x000000070c100000, 0x000000070c100000| Untracked 
| 130|0x000000070c200000, 0x000000070c200000, 0x000000070c300000|  0%| F|  |TAMS 0x000000070c200000, 0x000000070c200000| Untracked 
| 131|0x000000070c300000, 0x000000070c300000, 0x000000070c400000|  0%| F|  |TAMS 0x000000070c300000, 0x000000070c300000| Untracked 
| 132|0x000000070c400000, 0x000000070c400000, 0x000000070c500000|  0%| F|  |TAMS 0x000000070c400000, 0x000000070c400000| Untracked 
| 133|0x000000070c500000, 0x000000070c500000, 0x000000070c600000|  0%| F|  |TAMS 0x000000070c500000, 0x000000070c500000| Untracked 
| 134|0x000000070c600000, 0x000000070c600000, 0x000000070c700000|  0%| F|  |TAMS 0x000000070c600000, 0x000000070c600000| Untracked 
| 135|0x000000070c700000, 0x000000070c700000, 0x000000070c800000|  0%| F|  |TAMS 0x000000070c700000, 0x000000070c700000| Untracked 
| 136|0x000000070c800000, 0x000000070c800000, 0x000000070c900000|  0%| F|  |TAMS 0x000000070c800000, 0x000000070c800000| Untracked 
| 137|0x000000070c900000, 0x000000070c900000, 0x000000070ca00000|  0%| F|  |TAMS 0x000000070c900000, 0x000000070c900000| Untracked 
| 138|0x000000070ca00000, 0x000000070ca00000, 0x000000070cb00000|  0%| F|  |TAMS 0x000000070ca00000, 0x000000070ca00000| Untracked 
| 139|0x000000070cb00000, 0x000000070cb00000, 0x000000070cc00000|  0%| F|  |TAMS 0x000000070cb00000, 0x000000070cb00000| Untracked 
| 140|0x000000070cc00000, 0x000000070cc00000, 0x000000070cd00000|  0%| F|  |TAMS 0x000000070cc00000, 0x000000070cc00000| Untracked 
| 141|0x000000070cd00000, 0x000000070cd00000, 0x000000070ce00000|  0%| F|  |TAMS 0x000000070cd00000, 0x000000070cd00000| Untracked 
| 142|0x000000070ce00000, 0x000000070ce00000, 0x000000070cf00000|  0%| F|  |TAMS 0x000000070ce00000, 0x000000070ce00000| Untracked 
| 143|0x000000070cf00000, 0x000000070cf00000, 0x000000070d000000|  0%| F|  |TAMS 0x000000070cf00000, 0x000000070cf00000| Untracked 
| 144|0x000000070d000000, 0x000000070d000000, 0x000000070d100000|  0%| F|  |TAMS 0x000000070d000000, 0x000000070d000000| Untracked 
| 145|0x000000070d100000, 0x000000070d100000, 0x000000070d200000|  0%| F|  |TAMS 0x000000070d100000, 0x000000070d100000| Untracked 
| 146|0x000000070d200000, 0x000000070d200000, 0x000000070d300000|  0%| F|  |TAMS 0x000000070d200000, 0x000000070d200000| Untracked 
| 147|0x000000070d300000, 0x000000070d300000, 0x000000070d400000|  0%| F|  |TAMS 0x000000070d300000, 0x000000070d300000| Untracked 
| 148|0x000000070d400000, 0x000000070d400000, 0x000000070d500000|  0%| F|  |TAMS 0x000000070d400000, 0x000000070d400000| Untracked 
| 149|0x000000070d500000, 0x000000070d500000, 0x000000070d600000|  0%| F|  |TAMS 0x000000070d500000, 0x000000070d500000| Untracked 
| 150|0x000000070d600000, 0x000000070d600000, 0x000000070d700000|  0%| F|  |TAMS 0x000000070d600000, 0x000000070d600000| Untracked 
| 151|0x000000070d700000, 0x000000070d700000, 0x000000070d800000|  0%| F|  |TAMS 0x000000070d700000, 0x000000070d700000| Untracked 
| 152|0x000000070d800000, 0x000000070d800000, 0x000000070d900000|  0%| F|  |TAMS 0x000000070d800000, 0x000000070d800000| Untracked 
| 153|0x000000070d900000, 0x000000070d900000, 0x000000070da00000|  0%| F|  |TAMS 0x000000070d900000, 0x000000070d900000| Untracked 
| 154|0x000000070da00000, 0x000000070da00000, 0x000000070db00000|  0%| F|  |TAMS 0x000000070da00000, 0x000000070da00000| Untracked 
| 155|0x000000070db00000, 0x000000070db00000, 0x000000070dc00000|  0%| F|  |TAMS 0x000000070db00000, 0x000000070db00000| Untracked 
| 156|0x000000070dc00000, 0x000000070dc00000, 0x000000070dd00000|  0%| F|  |TAMS 0x000000070dc00000, 0x000000070dc00000| Untracked 
| 157|0x000000070dd00000, 0x000000070dd00000, 0x000000070de00000|  0%| F|  |TAMS 0x000000070dd00000, 0x000000070dd00000| Untracked 
| 158|0x000000070de00000, 0x000000070de00000, 0x000000070df00000|  0%| F|  |TAMS 0x000000070de00000, 0x000000070de00000| Untracked 
| 159|0x000000070df00000, 0x000000070df00000, 0x000000070e000000|  0%| F|  |TAMS 0x000000070df00000, 0x000000070df00000| Untracked 
| 160|0x000000070e000000, 0x000000070e000000, 0x000000070e100000|  0%| F|  |TAMS 0x000000070e000000, 0x000000070e000000| Untracked 
| 161|0x000000070e100000, 0x000000070e100000, 0x000000070e200000|  0%| F|  |TAMS 0x000000070e100000, 0x000000070e100000| Untracked 
| 162|0x000000070e200000, 0x000000070e200000, 0x000000070e300000|  0%| F|  |TAMS 0x000000070e200000, 0x000000070e200000| Untracked 
| 163|0x000000070e300000, 0x000000070e300000, 0x000000070e400000|  0%| F|  |TAMS 0x000000070e300000, 0x000000070e300000| Untracked 
| 164|0x000000070e400000, 0x000000070e400000, 0x000000070e500000|  0%| F|  |TAMS 0x000000070e400000, 0x000000070e400000| Untracked 
| 165|0x000000070e500000, 0x000000070e500000, 0x000000070e600000|  0%| F|  |TAMS 0x000000070e500000, 0x000000070e500000| Untracked 
| 166|0x000000070e600000, 0x000000070e600000, 0x000000070e700000|  0%| F|  |TAMS 0x000000070e600000, 0x000000070e600000| Untracked 
| 167|0x000000070e700000, 0x000000070e700000, 0x000000070e800000|  0%| F|  |TAMS 0x000000070e700000, 0x000000070e700000| Untracked 
| 168|0x000000070e800000, 0x000000070e800000, 0x000000070e900000|  0%| F|  |TAMS 0x000000070e800000, 0x000000070e800000| Untracked 
| 169|0x000000070e900000, 0x000000070e900000, 0x000000070ea00000|  0%| F|  |TAMS 0x000000070e900000, 0x000000070e900000| Untracked 
| 170|0x000000070ea00000, 0x000000070ea00000, 0x000000070eb00000|  0%| F|  |TAMS 0x000000070ea00000, 0x000000070ea00000| Untracked 
| 171|0x000000070eb00000, 0x000000070eb00000, 0x000000070ec00000|  0%| F|  |TAMS 0x000000070eb00000, 0x000000070eb00000| Untracked 
| 172|0x000000070ec00000, 0x000000070ec00000, 0x000000070ed00000|  0%| F|  |TAMS 0x000000070ec00000, 0x000000070ec00000| Untracked 
| 173|0x000000070ed00000, 0x000000070ed00000, 0x000000070ee00000|  0%| F|  |TAMS 0x000000070ed00000, 0x000000070ed00000| Untracked 
| 174|0x000000070ee00000, 0x000000070ee00000, 0x000000070ef00000|  0%| F|  |TAMS 0x000000070ee00000, 0x000000070ee00000| Untracked 
| 175|0x000000070ef00000, 0x000000070ef00000, 0x000000070f000000|  0%| F|  |TAMS 0x000000070ef00000, 0x000000070ef00000| Untracked 
| 176|0x000000070f000000, 0x000000070f000000, 0x000000070f100000|  0%| F|  |TAMS 0x000000070f000000, 0x000000070f000000| Untracked 
| 177|0x000000070f100000, 0x000000070f100000, 0x000000070f200000|  0%| F|  |TAMS 0x000000070f100000, 0x000000070f100000| Untracked 
| 178|0x000000070f200000, 0x000000070f200000, 0x000000070f300000|  0%| F|  |TAMS 0x000000070f200000, 0x000000070f200000| Untracked 
| 179|0x000000070f300000, 0x000000070f300000, 0x000000070f400000|  0%| F|  |TAMS 0x000000070f300000, 0x000000070f300000| Untracked 
| 180|0x000000070f400000, 0x000000070f400000, 0x000000070f500000|  0%| F|  |TAMS 0x000000070f400000, 0x000000070f400000| Untracked 
| 181|0x000000070f500000, 0x000000070f500000, 0x000000070f600000|  0%| F|  |TAMS 0x000000070f500000, 0x000000070f500000| Untracked 
| 182|0x000000070f600000, 0x000000070f600000, 0x000000070f700000|  0%| F|  |TAMS 0x000000070f600000, 0x000000070f600000| Untracked 
| 183|0x000000070f700000, 0x000000070f700000, 0x000000070f800000|  0%| F|  |TAMS 0x000000070f700000, 0x000000070f700000| Untracked 
| 184|0x000000070f800000, 0x000000070f800000, 0x000000070f900000|  0%| F|  |TAMS 0x000000070f800000, 0x000000070f800000| Untracked 
| 185|0x000000070f900000, 0x000000070f900000, 0x000000070fa00000|  0%| F|  |TAMS 0x000000070f900000, 0x000000070f900000| Untracked 
| 186|0x000000070fa00000, 0x000000070fa00000, 0x000000070fb00000|  0%| F|  |TAMS 0x000000070fa00000, 0x000000070fa00000| Untracked 
| 187|0x000000070fb00000, 0x000000070fb00000, 0x000000070fc00000|  0%| F|  |TAMS 0x000000070fb00000, 0x000000070fb00000| Untracked 
| 188|0x000000070fc00000, 0x000000070fc00000, 0x000000070fd00000|  0%| F|  |TAMS 0x000000070fc00000, 0x000000070fc00000| Untracked 
| 189|0x000000070fd00000, 0x000000070fd00000, 0x000000070fe00000|  0%| F|  |TAMS 0x000000070fd00000, 0x000000070fd00000| Untracked 
| 190|0x000000070fe00000, 0x000000070fe00000, 0x000000070ff00000|  0%| F|  |TAMS 0x000000070fe00000, 0x000000070fe00000| Untracked 
| 191|0x000000070ff00000, 0x000000070ff00000, 0x0000000710000000|  0%| F|  |TAMS 0x000000070ff00000, 0x000000070ff00000| Untracked 
| 192|0x0000000710000000, 0x0000000710000000, 0x0000000710100000|  0%| F|  |TAMS 0x0000000710000000, 0x0000000710000000| Untracked 
| 193|0x0000000710100000, 0x0000000710100000, 0x0000000710200000|  0%| F|  |TAMS 0x0000000710100000, 0x0000000710100000| Untracked 
| 194|0x0000000710200000, 0x0000000710200000, 0x0000000710300000|  0%| F|  |TAMS 0x0000000710200000, 0x0000000710200000| Untracked 
| 195|0x0000000710300000, 0x0000000710300000, 0x0000000710400000|  0%| F|  |TAMS 0x0000000710300000, 0x0000000710300000| Untracked 
| 196|0x0000000710400000, 0x0000000710400000, 0x0000000710500000|  0%| F|  |TAMS 0x0000000710400000, 0x0000000710400000| Untracked 
| 197|0x0000000710500000, 0x0000000710500000, 0x0000000710600000|  0%| F|  |TAMS 0x0000000710500000, 0x0000000710500000| Untracked 
| 198|0x0000000710600000, 0x0000000710600000, 0x0000000710700000|  0%| F|  |TAMS 0x0000000710600000, 0x0000000710600000| Untracked 
| 199|0x0000000710700000, 0x0000000710700000, 0x0000000710800000|  0%| F|  |TAMS 0x0000000710700000, 0x0000000710700000| Untracked 
| 200|0x0000000710800000, 0x0000000710800000, 0x0000000710900000|  0%| F|  |TAMS 0x0000000710800000, 0x0000000710800000| Untracked 
| 201|0x0000000710900000, 0x0000000710900000, 0x0000000710a00000|  0%| F|  |TAMS 0x0000000710900000, 0x0000000710900000| Untracked 
| 202|0x0000000710a00000, 0x0000000710a00000, 0x0000000710b00000|  0%| F|  |TAMS 0x0000000710a00000, 0x0000000710a00000| Untracked 
| 203|0x0000000710b00000, 0x0000000710b00000, 0x0000000710c00000|  0%| F|  |TAMS 0x0000000710b00000, 0x0000000710b00000| Untracked 
| 204|0x0000000710c00000, 0x0000000710c00000, 0x0000000710d00000|  0%| F|  |TAMS 0x0000000710c00000, 0x0000000710c00000| Untracked 
| 205|0x0000000710d00000, 0x0000000710d00000, 0x0000000710e00000|  0%| F|  |TAMS 0x0000000710d00000, 0x0000000710d00000| Untracked 
| 206|0x0000000710e00000, 0x0000000710e00000, 0x0000000710f00000|  0%| F|  |TAMS 0x0000000710e00000, 0x0000000710e00000| Untracked 
| 207|0x0000000710f00000, 0x0000000710f00000, 0x0000000711000000|  0%| F|  |TAMS 0x0000000710f00000, 0x0000000710f00000| Untracked 
| 208|0x0000000711000000, 0x0000000711000000, 0x0000000711100000|  0%| F|  |TAMS 0x0000000711000000, 0x0000000711000000| Untracked 
| 209|0x0000000711100000, 0x0000000711100000, 0x0000000711200000|  0%| F|  |TAMS 0x0000000711100000, 0x0000000711100000| Untracked 
| 210|0x0000000711200000, 0x0000000711200000, 0x0000000711300000|  0%| F|  |TAMS 0x0000000711200000, 0x0000000711200000| Untracked 
| 211|0x0000000711300000, 0x0000000711300000, 0x0000000711400000|  0%| F|  |TAMS 0x0000000711300000, 0x0000000711300000| Untracked 
| 212|0x0000000711400000, 0x0000000711400000, 0x0000000711500000|  0%| F|  |TAMS 0x0000000711400000, 0x0000000711400000| Untracked 
| 213|0x0000000711500000, 0x0000000711500000, 0x0000000711600000|  0%| F|  |TAMS 0x0000000711500000, 0x0000000711500000| Untracked 
| 214|0x0000000711600000, 0x0000000711600000, 0x0000000711700000|  0%| F|  |TAMS 0x0000000711600000, 0x0000000711600000| Untracked 
| 215|0x0000000711700000, 0x0000000711700000, 0x0000000711800000|  0%| F|  |TAMS 0x0000000711700000, 0x0000000711700000| Untracked 
| 216|0x0000000711800000, 0x0000000711800000, 0x0000000711900000|  0%| F|  |TAMS 0x0000000711800000, 0x0000000711800000| Untracked 
| 217|0x0000000711900000, 0x0000000711900000, 0x0000000711a00000|  0%| F|  |TAMS 0x0000000711900000, 0x0000000711900000| Untracked 
| 218|0x0000000711a00000, 0x0000000711a00000, 0x0000000711b00000|  0%| F|  |TAMS 0x0000000711a00000, 0x0000000711a00000| Untracked 
| 219|0x0000000711b00000, 0x0000000711b00000, 0x0000000711c00000|  0%| F|  |TAMS 0x0000000711b00000, 0x0000000711b00000| Untracked 
| 220|0x0000000711c00000, 0x0000000711c00000, 0x0000000711d00000|  0%| F|  |TAMS 0x0000000711c00000, 0x0000000711c00000| Untracked 
| 221|0x0000000711d00000, 0x0000000711d00000, 0x0000000711e00000|  0%| F|  |TAMS 0x0000000711d00000, 0x0000000711d00000| Untracked 
| 222|0x0000000711e00000, 0x0000000711e00000, 0x0000000711f00000|  0%| F|  |TAMS 0x0000000711e00000, 0x0000000711e00000| Untracked 
| 223|0x0000000711f00000, 0x0000000711f00000, 0x0000000712000000|  0%| F|  |TAMS 0x0000000711f00000, 0x0000000711f00000| Untracked 
| 224|0x0000000712000000, 0x0000000712000000, 0x0000000712100000|  0%| F|  |TAMS 0x0000000712000000, 0x0000000712000000| Untracked 
| 225|0x0000000712100000, 0x0000000712100000, 0x0000000712200000|  0%| F|  |TAMS 0x0000000712100000, 0x0000000712100000| Untracked 
| 226|0x0000000712200000, 0x0000000712200000, 0x0000000712300000|  0%| F|  |TAMS 0x0000000712200000, 0x0000000712200000| Untracked 
| 227|0x0000000712300000, 0x00000007123b9d98, 0x0000000712400000| 72%| E|  |TAMS 0x0000000712300000, 0x0000000712300000| Complete 
| 228|0x0000000712400000, 0x0000000712500000, 0x0000000712500000|100%| E|CS|TAMS 0x0000000712400000, 0x0000000712400000| Complete 
| 229|0x0000000712500000, 0x0000000712600000, 0x0000000712600000|100%| E|CS|TAMS 0x0000000712500000, 0x0000000712500000| Complete 
| 230|0x0000000712600000, 0x0000000712700000, 0x0000000712700000|100%| E|CS|TAMS 0x0000000712600000, 0x0000000712600000| Complete 
| 231|0x0000000712700000, 0x0000000712800000, 0x0000000712800000|100%| E|CS|TAMS 0x0000000712700000, 0x0000000712700000| Complete 
| 232|0x0000000712800000, 0x0000000712900000, 0x0000000712900000|100%| E|CS|TAMS 0x0000000712800000, 0x0000000712800000| Complete 
| 233|0x0000000712900000, 0x0000000712a00000, 0x0000000712a00000|100%| E|CS|TAMS 0x0000000712900000, 0x0000000712900000| Complete 
| 234|0x0000000712a00000, 0x0000000712b00000, 0x0000000712b00000|100%| E|CS|TAMS 0x0000000712a00000, 0x0000000712a00000| Complete 
| 235|0x0000000712b00000, 0x0000000712c00000, 0x0000000712c00000|100%| E|CS|TAMS 0x0000000712b00000, 0x0000000712b00000| Complete 
| 236|0x0000000712c00000, 0x0000000712d00000, 0x0000000712d00000|100%| E|CS|TAMS 0x0000000712c00000, 0x0000000712c00000| Complete 
| 237|0x0000000712d00000, 0x0000000712e00000, 0x0000000712e00000|100%| E|CS|TAMS 0x0000000712d00000, 0x0000000712d00000| Complete 
| 238|0x0000000712e00000, 0x0000000712f00000, 0x0000000712f00000|100%| E|CS|TAMS 0x0000000712e00000, 0x0000000712e00000| Complete 
| 239|0x0000000712f00000, 0x0000000713000000, 0x0000000713000000|100%| E|CS|TAMS 0x0000000712f00000, 0x0000000712f00000| Complete 
| 240|0x0000000713000000, 0x0000000713100000, 0x0000000713100000|100%| E|CS|TAMS 0x0000000713000000, 0x0000000713000000| Complete 
| 241|0x0000000713100000, 0x00000007131c2008, 0x0000000713200000| 75%| S|CS|TAMS 0x0000000713100000, 0x0000000713100000| Complete 
| 242|0x0000000713200000, 0x0000000713300000, 0x0000000713300000|100%| S|CS|TAMS 0x0000000713200000, 0x0000000713200000| Complete 
| 243|0x0000000713300000, 0x0000000713400000, 0x0000000713400000|100%| E|CS|TAMS 0x0000000713300000, 0x0000000713300000| Complete 
| 244|0x0000000713400000, 0x0000000713500000, 0x0000000713500000|100%| E|CS|TAMS 0x0000000713400000, 0x0000000713400000| Complete 
| 245|0x0000000713500000, 0x0000000713600000, 0x0000000713600000|100%| E|CS|TAMS 0x0000000713500000, 0x0000000713500000| Complete 
| 246|0x0000000713600000, 0x0000000713700000, 0x0000000713700000|100%| E|CS|TAMS 0x0000000713600000, 0x0000000713600000| Complete 
| 247|0x0000000713700000, 0x0000000713800000, 0x0000000713800000|100%| E|CS|TAMS 0x0000000713700000, 0x0000000713700000| Complete 
| 248|0x0000000713800000, 0x0000000713900000, 0x0000000713900000|100%| E|CS|TAMS 0x0000000713800000, 0x0000000713800000| Complete 
| 249|0x0000000713900000, 0x0000000713a00000, 0x0000000713a00000|100%| E|CS|TAMS 0x0000000713900000, 0x0000000713900000| Complete 
| 250|0x0000000713a00000, 0x0000000713b00000, 0x0000000713b00000|100%| E|CS|TAMS 0x0000000713a00000, 0x0000000713a00000| Complete 
| 251|0x0000000713b00000, 0x0000000713c00000, 0x0000000713c00000|100%| E|CS|TAMS 0x0000000713b00000, 0x0000000713b00000| Complete 

Card table byte_map: [0x0000016771dc0000,0x00000167725a0000] _byte_map_base: 0x000001676e5a0000

Marking Bits (Prev, Next): (CMBitMap*) 0x000001675ac5d070, (CMBitMap*) 0x000001675ac5d038
 Prev Bits: [0x0000016776c80000, 0x000001677ab80000)
 Next Bits: [0x0000016772d80000, 0x0000016776c80000)

Polling page: 0x0000016758bd0000

Metaspace:

Usage:
  Non-class:     24.42 MB capacity,    24.11 MB ( 99%) used,   253.88 KB (  1%) free+waste,    67.81 KB ( <1%) overhead. 
      Class:      3.20 MB capacity,     2.94 MB ( 92%) used,   228.79 KB (  7%) free+waste,    34.81 KB (  1%) overhead. 
       Both:     27.62 MB capacity,    27.05 MB ( 98%) used,   482.67 KB (  2%) free+waste,   102.63 KB ( <1%) overhead. 

Virtual space:
  Non-class space:       26.00 MB reserved,      24.50 MB ( 94%) committed 
      Class space:        1.00 GB reserved,       3.25 MB ( <1%) committed 
             Both:        1.03 GB reserved,      27.75 MB (  3%) committed 

Chunk freelists:
   Non-Class:  1.75 KB
       Class:  0 bytes
        Both:  1.75 KB

CodeHeap 'non-profiled nmethods': size=120000Kb used=1737Kb max_used=1737Kb free=118262Kb
 bounds [0x0000016769d80000, 0x0000016769ff0000, 0x00000167712b0000]
CodeHeap 'profiled nmethods': size=120000Kb used=8172Kb max_used=8172Kb free=111828Kb
 bounds [0x0000016762850000, 0x0000016763050000, 0x0000016769d80000]
CodeHeap 'non-nmethods': size=5760Kb used=1310Kb max_used=1349Kb free=4449Kb
 bounds [0x00000167622b0000, 0x0000016762520000, 0x0000016762850000]
 total_blobs=4382 nmethods=3679 adapters=614
 compilation: enabled
              stopped_count=0, restarted_count=0
 full_count=0

Compilation events (10 events):
Event: 842.632 Thread 0x000001677e024000 3672       3       java.util.concurrent.locks.ReentrantReadWriteLock$Sync::sharedCount (5 bytes)
Event: 842.632 Thread 0x000001677e024000 nmethod 3672 0x0000016763047590 code [0x0000016763047720, 0x00000167630477f8]
Event: 842.632 Thread 0x000001677e024000 3673       3       java.util.concurrent.locks.AbstractQueuedSynchronizer::apparentlyFirstQueuedIsExclusive (38 bytes)
Event: 842.632 Thread 0x000001677e024000 nmethod 3673 0x0000016763047890 code [0x0000016763047a40, 0x0000016763047d38]
Event: 842.632 Thread 0x000001677e024000 3674       3       java.util.concurrent.locks.ReentrantReadWriteLock$Sync::tryReleaseShared (146 bytes)
Event: 842.633 Thread 0x000001677e024000 nmethod 3674 0x0000016763047e10 code [0x00000167630480c0, 0x00000167630490c8]
Event: 842.633 Thread 0x000001677e024000 3675       3       java.util.concurrent.locks.AbstractQueuedSynchronizer::doReleaseShared (79 bytes)
Event: 842.634 Thread 0x000001677e024000 nmethod 3675 0x0000016763049710 code [0x0000016763049a00, 0x000001676304aaa8]
Event: 842.634 Thread 0x000001677e024000 3678       3       sun.java2d.pipe.ValidatePipe::drawString (23 bytes)
Event: 842.638 Thread 0x000001677f215800 nmethod 3668 0x0000016769f2e010 code [0x0000016769f2e1c0, 0x0000016769f2e958]

GC Heap History (4 events):
Event: 0.892 GC heap before
{Heap before GC invocations=0 (full 0):
 garbage-first heap   total 258048K, used 24576K [0x0000000704000000, 0x0000000800000000)
  region size 1024K, 22 young (22528K), 0 survivors (0K)
 Metaspace       used 20540K, capacity 21080K, committed 21248K, reserved 1069056K
  class space    used 2208K, capacity 2446K, committed 2560K, reserved 1048576K
}
Event: 0.898 GC heap after
{Heap after GC invocations=1 (full 0):
 garbage-first heap   total 258048K, used 8659K [0x0000000704000000, 0x0000000800000000)
  region size 1024K, 3 young (3072K), 3 survivors (3072K)
 Metaspace       used 20540K, capacity 21080K, committed 21248K, reserved 1069056K
  class space    used 2208K, capacity 2446K, committed 2560K, reserved 1048576K
}
Event: 7.036 GC heap before
{Heap before GC invocations=2 (full 0):
 garbage-first heap   total 258048K, used 19923K [0x0000000704000000, 0x0000000800000000)
  region size 1024K, 12 young (12288K), 3 survivors (3072K)
 Metaspace       used 22962K, capacity 23555K, committed 23808K, reserved 1071104K
  class space    used 2451K, capacity 2721K, committed 2816K, reserved 1048576K
}
Event: 7.041 GC heap after
{Heap after GC invocations=3 (full 0):
 garbage-first heap   total 258048K, used 12180K [0x0000000704000000, 0x0000000800000000)
  region size 1024K, 2 young (2048K), 2 survivors (2048K)
 Metaspace       used 22962K, capacity 23555K, committed 23808K, reserved 1071104K
  class space    used 2451K, capacity 2721K, committed 2816K, reserved 1048576K
}

Deoptimization events (10 events):
Event: 12.700 Thread 0x000001677e836000 Uncommon trap: reason=unstable_if action=reinterpret pc=0x0000016769e1c7a4 method=java.awt.MultipleGradientPaintContext.indexIntoGradientsArrays(F)I @ 24 c2
Event: 12.741 Thread 0x000001677e836000 Uncommon trap: reason=profile_predicate action=maybe_recompile pc=0x0000016769e7776c method=java.awt.LinearGradientPaintContext.fillRaster([IIIIIII)V @ 53 c2
Event: 12.741 Thread 0x000001677e836000 Uncommon trap: reason=profile_predicate action=maybe_recompile pc=0x0000016769e40258 method=java.awt.LinearGradientPaintContext.fillRaster([IIIIIII)V @ 50 c2
Event: 12.741 Thread 0x000001677e836000 Uncommon trap: reason=profile_predicate action=maybe_recompile pc=0x0000016769e7776c method=java.awt.LinearGradientPaintContext.fillRaster([IIIIIII)V @ 53 c2
Event: 12.742 Thread 0x000001677e836000 Uncommon trap: reason=profile_predicate action=maybe_recompile pc=0x0000016769e40258 method=java.awt.LinearGradientPaintContext.fillRaster([IIIIIII)V @ 50 c2
Event: 12.742 Thread 0x000001677e836000 Uncommon trap: reason=profile_predicate action=maybe_recompile pc=0x0000016769e7776c method=java.awt.LinearGradientPaintContext.fillRaster([IIIIIII)V @ 53 c2
Event: 471.319 Thread 0x000001677e836000 Uncommon trap: reason=unstable_if action=reinterpret pc=0x0000016769d933c4 method=java.lang.CharacterData.of(I)Ljava/lang/CharacterData; @ 4 c2
Event: 471.355 Thread 0x000001677e836000 Uncommon trap: reason=unstable_if action=reinterpret pc=0x0000016769ea2104 method=sun.java2d.marlin.DRenderer._endRendering(II)V @ 1993 c2
Event: 471.355 Thread 0x000001677e836000 Uncommon trap: reason=unstable_if action=reinterpret pc=0x0000016769e7d5ec method=sun.java2d.marlin.MarlinCache.copyAARowRLE_WithBlockFlags([I[IIII)V @ 462 c2
Event: 471.356 Thread 0x000001677e836000 Uncommon trap: reason=unstable_if action=reinterpret pc=0x0000016769e83440 method=sun.java2d.marlin.DRenderer._endRendering(II)V @ 1993 c2

Classes redefined (0 events):
No events

Internal exceptions (10 events):
Event: 0.642 Thread 0x000001677e836000 Exception <a 'java/lang/NoSuchMethodError'{0x0000000712c5a828}: java.lang.invoke.Invokers$Holder.linkToTargetMethod(Ljava/lang/Object;ILjava/lang/Object;)Ljava/lang/Object;> (0x0000000712c5a828) thrown at [./open/src/hotspot/share/interpreter/linkResolver
Event: 0.677 Thread 0x000001677e907000 Exception <a 'java/lang/NoSuchMethodError'{0x0000000713408ae8}: java.lang.invoke.DirectMethodHandle$Holder.invokeVirtual(Ljava/lang/Object;Ljava/lang/Object;)V> (0x0000000713408ae8) thrown at [./open/src/hotspot/share/interpreter/linkResolver.cpp, line 77
Event: 0.724 Thread 0x000001677e836000 Exception <a 'java/lang/NoSuchMethodError'{0x0000000712b86d58}: java.lang.invoke.DirectMethodHandle$Holder.invokeSpecialIFC(Ljava/lang/Object;Ljava/lang/Object;I)I> (0x0000000712b86d58) thrown at [./open/src/hotspot/share/interpreter/linkResolver.cpp, lin
Event: 0.774 Thread 0x000001677e836000 Exception <a 'java/lang/NoSuchMethodError'{0x0000000712ab3d98}: java.lang.invoke.DirectMethodHandle$Holder.invokeVirtual(Ljava/lang/Object;Ljava/lang/Object;Ljava/lang/Object;)Ljava/lang/Object;> (0x0000000712ab3d98) thrown at [./open/src/hotspot/share/in
Event: 12.555 Thread 0x000001677e836000 Implicit null exception at 0x0000016769e427db to 0x0000016769e42b88
Event: 12.741 Thread 0x000001677e836000 Implicit null exception at 0x0000016769e771dd to 0x0000016769e77734
Event: 12.741 Thread 0x000001677e836000 Implicit null exception at 0x0000016769e3fa38 to 0x0000016769e40204
Event: 12.741 Thread 0x000001677e836000 Implicit null exception at 0x0000016769e771dd to 0x0000016769e77734
Event: 12.742 Thread 0x000001677e836000 Implicit null exception at 0x0000016769e3fa38 to 0x0000016769e40204
Event: 12.742 Thread 0x000001677e836000 Implicit null exception at 0x0000016769e771dd to 0x0000016769e77734

Events (10 events):
Event: 842.627 Executing VM operation: RevokeBias
Event: 842.627 Executing VM operation: RevokeBias done
Event: 842.629 Executing VM operation: RevokeBias
Event: 842.629 Executing VM operation: RevokeBias done
Event: 842.629 Executing VM operation: RevokeBias
Event: 842.629 Executing VM operation: RevokeBias done
Event: 842.629 Executing VM operation: RevokeBias
Event: 842.630 Executing VM operation: RevokeBias done
Event: 842.630 Executing VM operation: RevokeBias
Event: 842.630 Executing VM operation: RevokeBias done


Dynamic libraries:
0x00007ff6610c0000 - 0x00007ff6610cf000 	C:\Program Files\Java\jdk-11.0.16.1\bin\java.exe
0x00007ffb34d20000 - 0x00007ffb34f29000 	C:\Windows\SYSTEM32\ntdll.dll
0x00007ffb337b0000 - 0x00007ffb3386e000 	C:\Windows\System32\KERNEL32.DLL
0x00007ffb324f0000 - 0x00007ffb3286b000 	C:\Windows\System32\KERNELBASE.dll
0x00007ffb32990000 - 0x00007ffb32aa1000 	C:\Windows\System32\ucrtbase.dll
0x00007ffabcc20000 - 0x00007ffabcc35000 	C:\Program Files\Java\jdk-11.0.16.1\bin\VCRUNTIME140.dll
0x00007ffb2dd60000 - 0x00007ffb2dd78000 	C:\Program Files\Java\jdk-11.0.16.1\bin\jli.dll
0x00007ffb33250000 - 0x00007ffb332fe000 	C:\Windows\System32\ADVAPI32.dll
0x00007ffb32da0000 - 0x00007ffb32e43000 	C:\Windows\System32\msvcrt.dll
0x00007ffb33ae0000 - 0x00007ffb33b7e000 	C:\Windows\System32\sechost.dll
0x00007ffb32c10000 - 0x00007ffb32d30000 	C:\Windows\System32\RPCRT4.dll
0x00007ffb33930000 - 0x00007ffb33add000 	C:\Windows\System32\USER32.dll
0x00007ffb1cbc0000 - 0x00007ffb1ce65000 	C:\Windows\WinSxS\amd64_microsoft.windows.common-controls_6595b64144ccf1df_6.0.22000.120_none_9d947278b86cc467\COMCTL32.dll
0x00007ffb32ab0000 - 0x00007ffb32ad6000 	C:\Windows\System32\win32u.dll
0x00007ffb32f50000 - 0x00007ffb32f79000 	C:\Windows\System32\GDI32.dll
0x00007ffb32260000 - 0x00007ffb32378000 	C:\Windows\System32\gdi32full.dll
0x00007ffb32870000 - 0x00007ffb3290d000 	C:\Windows\System32\msvcp_win.dll
0x00007ffb2c020000 - 0x00007ffb2c02a000 	C:\Windows\SYSTEM32\VERSION.dll
0x00007ffb33c60000 - 0x00007ffb33c92000 	C:\Windows\System32\IMM32.DLL
0x00007ffabb440000 - 0x00007ffabb4db000 	C:\Program Files\Java\jdk-11.0.16.1\bin\msvcp140.dll
0x00007ffabb760000 - 0x00007ffabc278000 	C:\Program Files\Java\jdk-11.0.16.1\bin\server\jvm.dll
0x00007ffb32d30000 - 0x00007ffb32d38000 	C:\Windows\System32\PSAPI.DLL
0x00007ffb1c1c0000 - 0x00007ffb1c1f3000 	C:\Windows\SYSTEM32\WINMM.dll
0x00007ffabcc40000 - 0x00007ffabcc49000 	C:\Windows\SYSTEM32\WSOCK32.dll
0x00007ffb32ba0000 - 0x00007ffb32c0f000 	C:\Windows\System32\WS2_32.dll
0x00007ffb31270000 - 0x00007ffb31288000 	C:\Windows\SYSTEM32\kernel.appcore.dll
0x00007ffabcc10000 - 0x00007ffabcc20000 	C:\Program Files\Java\jdk-11.0.16.1\bin\verify.dll
0x00007ffb2fcb0000 - 0x00007ffb2fed1000 	C:\Windows\SYSTEM32\DBGHELP.DLL
0x00007ffb1f1c0000 - 0x00007ffb1f1f1000 	C:\Windows\SYSTEM32\dbgcore.DLL
0x00007ffb32910000 - 0x00007ffb3298f000 	C:\Windows\System32\bcryptPrimitives.dll
0x00007ffabb6f0000 - 0x00007ffabb718000 	C:\Program Files\Java\jdk-11.0.16.1\bin\java.dll
0x00007ffabb6e0000 - 0x00007ffabb6ea000 	C:\Program Files\Java\jdk-11.0.16.1\bin\jimage.dll
0x00007ffabb6c0000 - 0x00007ffabb6d6000 	C:\Program Files\Java\jdk-11.0.16.1\bin\zip.dll
0x00007ffb34500000 - 0x00007ffb34cb7000 	C:\Windows\System32\SHELL32.dll
0x00007ffb302e0000 - 0x00007ffb30b45000 	C:\Windows\SYSTEM32\windows.storage.dll
0x00007ffb33d10000 - 0x00007ffb34088000 	C:\Windows\System32\combase.dll
0x00007ffb30170000 - 0x00007ffb302d6000 	C:\Windows\SYSTEM32\wintypes.dll
0x00007ffb32f80000 - 0x00007ffb3306a000 	C:\Windows\System32\SHCORE.dll
0x00007ffb336d0000 - 0x00007ffb3372d000 	C:\Windows\System32\shlwapi.dll
0x00007ffb32120000 - 0x00007ffb32141000 	C:\Windows\SYSTEM32\profapi.dll
0x00007ffabb6a0000 - 0x00007ffabb6b9000 	C:\Program Files\Java\jdk-11.0.16.1\bin\net.dll
0x00007ffb2bee0000 - 0x00007ffb2bff4000 	C:\Windows\SYSTEM32\WINHTTP.dll
0x00007ffb31710000 - 0x00007ffb31777000 	C:\Windows\system32\mswsock.dll
0x00007ffabb680000 - 0x00007ffabb692000 	C:\Program Files\Java\jdk-11.0.16.1\bin\nio.dll
0x00007ffabb4e0000 - 0x00007ffabb67b000 	C:\Program Files\Java\jdk-11.0.16.1\bin\awt.dll
0x00007ffb33b80000 - 0x00007ffb33c56000 	C:\Windows\System32\OLEAUT32.dll
0x00007ffb2f370000 - 0x00007ffb2f402000 	C:\Windows\SYSTEM32\apphelp.dll
0x00007ffb2f530000 - 0x00007ffb2f5dc000 	C:\Windows\system32\uxtheme.dll
0x00007ffb33130000 - 0x00007ffb3324d000 	C:\Windows\System32\MSCTF.dll
0x00007ffb334d0000 - 0x00007ffb3366a000 	C:\Windows\System32\ole32.dll
0x00007ffb2f890000 - 0x00007ffb2f8bf000 	C:\Windows\system32\DWMAPI.DLL
0x00007ffac5800000 - 0x00007ffac5886000 	C:\Program Files\Java\jdk-11.0.16.1\bin\freetype.dll
0x00007ffabcec0000 - 0x00007ffabcf65000 	C:\Program Files\Java\jdk-11.0.16.1\bin\fontmanager.dll
0x00007ffb0b800000 - 0x00007ffb0b901000 	C:\Windows\system32\opengl32.dll
0x00007ffb0be20000 - 0x00007ffb0be4d000 	C:\Windows\SYSTEM32\GLU32.dll
0x00007ffb2f630000 - 0x00007ffb2f668000 	C:\Windows\SYSTEM32\dxcore.dll
0x00007ffb33070000 - 0x00007ffb33125000 	C:\Windows\System32\clbcatq.dll
0x00007ffb2ad80000 - 0x00007ffb2af2e000 	C:\Windows\SYSTEM32\WindowsCodecs.dll
0x00007ffb08850000 - 0x00007ffb088ad000 	C:\Windows\system32\dataexchange.dll
0x00007ffb2a490000 - 0x00007ffb2a6f6000 	C:\Windows\system32\twinapi.appcore.dll
0x00007ffb30dd0000 - 0x00007ffb30eb8000 	C:\Windows\SYSTEM32\DNSAPI.dll
0x00007ffb30da0000 - 0x00007ffb30dcd000 	C:\Windows\SYSTEM32\IPHLPAPI.DLL
0x00007ffb33300000 - 0x00007ffb33309000 	C:\Windows\System32\NSI.dll
0x00007ffb234f0000 - 0x00007ffb234fa000 	C:\Windows\System32\rasadhlp.dll
0x00007ffb2a700000 - 0x00007ffb2a781000 	C:\Windows\System32\fwpuclnt.dll
0x00007ffb1a9e0000 - 0x00007ffb1ab0d000 	C:\Windows\SYSTEM32\textinputframework.dll
0x00007ffb2ef80000 - 0x00007ffb2f0b1000 	C:\Windows\SYSTEM32\CoreMessaging.dll
0x00007ffb2c8b0000 - 0x00007ffb2cc1d000 	C:\Windows\SYSTEM32\CoreUIComponents.dll
0x00007ffb31950000 - 0x00007ffb3195c000 	C:\Windows\SYSTEM32\CRYPTBASE.DLL

dbghelp: loaded successfully - version: 4.0.5 - missing functions: none
symbol engine: initialized successfully - sym options: 0x614 - pdb path: .;C:\Program Files\Java\jdk-11.0.16.1\bin;C:\Windows\SYSTEM32;C:\Windows\WinSxS\amd64_microsoft.windows.common-controls_6595b64144ccf1df_6.0.22000.120_none_9d947278b86cc467;C:\Program Files\Java\jdk-11.0.16.1\bin\server

VM Arguments:
jvm_args: -Dfile.encoding=UTF-8 --module-path=C:\Users\Nopal Nich\Documents\NetBeansProjects\Aplikasi Monitoring Tambak\build\classes 
java_command: GUIview.LoginForm
java_class_path (initial): C:\Program Files\NetBeans-15\netbeans\java\modules\ext\AbsoluteLayout.jar;C:\Users\Nopal Nich\Downloads\postgresql-42.2.8.jar;C:\Users\Nopal Nich\Downloads\Compressed\mysql-connector-j-8.0.31\mysql-connector-j-8.0.31\mysql-connector-j-8.0.31.jar;C:\Users\Nopal Nich\Documents\NetBeansProjects\aplikasi-monitoring-sawit-java-master\lib\jcalendar-1.3.3.jar;C:\Users\Nopal Nich\Documents\NetBeansProjects\aplikasi-monitoring-sawit-java-master\lib\Laporan\mysql-connector-java-5.1.23-bin.jar;C:\Users\Nopal Nich\AppData\Roaming\NetBeans\15\modules\ext\xml-apis.jar;C:\Users\Nopal Nich\AppData\Roaming\NetBeans\15\modules\ext\batik-anim.jar;C:\Users\Nopal Nich\AppData\Roaming\NetBeans\15\modules\ext\batik-awt-util.jar;C:\Users\Nopal Nich\AppData\Roaming\NetBeans\15\modules\ext\batik-bridge.jar;C:\Users\Nopal Nich\AppData\Roaming\NetBeans\15\modules\ext\batik-css.jar;C:\Users\Nopal Nich\AppData\Roaming\NetBeans\15\modules\ext\batik-dom.jar;C:\Users\Nopal Nich\AppData\Roaming\NetBeans\15\modules\ext\batik-ext.jar;C:\Users\Nopal Nich\AppData\Roaming\NetBeans\15\modules\ext\batik-gvt.jar;C:\Users\Nopal Nich\AppData\Roaming\NetBeans\15\modules\ext\batik-parser.jar;C:\Users\Nopal Nich\AppData\Roaming\NetBeans\15\modules\ext\batik-script.jar;C:\Users\Nopal Nich\AppData\Roaming\NetBeans\15\modules\ext\batik-svg-dom.jar;C:\Users\Nopal Nich\AppData\Roaming\NetBeans\15\modules\ext\batik-svggen.jar;C:\Users\Nopal Nich\AppData\Roaming\NetBeans\15\modules\ext\batik-util.jar;C:\Users\Nopal Nich\AppData\Roaming\NetBeans\15\modules\ext\batik-xml.jar;C:\Users\Nopal Nich\AppData\Roaming\NetBeans\15\modules\ext\xml-apis-ext.jar;C:\Users\Nopal Nich\AppData\Roaming\NetBeans\15\modules\ext\castor-1.2.jar;C:\Users\Nopal Nich\AppData\Roaming\NetBeans\15\modules\ext\barbecue-1.5-beta1.jar;C:\Program Files (x86)\Jaspersoft\iReport-5.6.0\ireport\modules\ext\jasperreports-5.6.0.jar;C:\Program Files\NetBeans-15\netbeans\groovy\modules\ext\groovy-3.0.8.jar;C:\Program Files\NetBean
Launcher Type: SUN_STANDARD

[Global flags]
     intx CICompilerCount                          = 4                                         {product} {ergonomic}
     uint ConcGCThreads                            = 2                                         {product} {ergonomic}
     uint G1ConcRefinementThreads                  = 8                                         {product} {ergonomic}
   size_t G1HeapRegionSize                         = 1048576                                   {product} {ergonomic}
    uintx GCDrainStackTargetSize                   = 64                                        {product} {ergonomic}
   size_t InitialHeapSize                          = 264241152                                 {product} {ergonomic}
   size_t MarkStackSize                            = 4194304                                   {product} {ergonomic}
   size_t MaxHeapSize                              = 4227858432                                {product} {ergonomic}
   size_t MaxNewSize                               = 2536505344                                {product} {ergonomic}
   size_t MinHeapDeltaBytes                        = 1048576                                   {product} {ergonomic}
    uintx NonNMethodCodeHeapSize                   = 5836300                                {pd product} {ergonomic}
    uintx NonProfiledCodeHeapSize                  = 122910970                              {pd product} {ergonomic}
    uintx ProfiledCodeHeapSize                     = 122910970                              {pd product} {ergonomic}
    uintx ReservedCodeCacheSize                    = 251658240                              {pd product} {ergonomic}
     bool SegmentedCodeCache                       = true                                      {product} {ergonomic}
     bool UseCompressedClassPointers               = true                                 {lp64_product} {ergonomic}
     bool UseCompressedOops                        = true                                 {lp64_product} {ergonomic}
     bool UseG1GC                                  = true                                      {product} {ergonomic}
     bool UseLargePagesIndividualAllocation        = false                                  {pd product} {ergonomic}

Logging:
Log output configuration:
 #0: stdout all=warning uptime,level,tags
 #1: stderr all=off uptime,level,tags

Environment Variables:
PATH=C:\Program Files (x86)\Common Files\Intel\Shared Libraries\redist\intel64\compiler;C:\Program Files\Common Files\Oracle\Java\javapath;C:\Windows\system32;C:\Windows;C:\Windows\System32\Wbem;C:\Windows\System32\WindowsPowerShell\v1.0\;C:\Windows\System32\OpenSSH\;C:\Users\Nopal Nich\AppData\Local\Microsoft\WindowsApps;C:\Program Files (x86)\Jar2Exe Wizard\
USERNAME=Nopal Nich
OS=Windows_NT
PROCESSOR_IDENTIFIER=Intel64 Family 6 Model 126 Stepping 5, GenuineIntel



---------------  S Y S T E M  ---------------

OS: Windows 11 , 64 bit Build 22000 (10.0.22000.1335)

CPU:total 8 (initial active 8) (4 cores per cpu, 2 threads per core) family 6 model 126 stepping 5 microcode 0x96, cmov, cx8, fxsr, mmx, sse, sse2, sse3, ssse3, sse4.1, sse4.2, popcnt, avx, avx2, aes, clmul, erms, 3dnowpref, lzcnt, ht, tsc, tscinvbit, bmi1, bmi2, adx, evex, sha, fma

Memory: 4k page, system-wide physical 16122M (8300M free)
TotalPageFile size 20474M (AvailPageFile size 9786M)
current process WorkingSet (physical memory assigned to process): 146M, peak: 156M
current process commit charge ("private bytes"): 391M, peak: 405M

vm_info: Java HotSpot(TM) 64-Bit Server VM (11.0.16.1+1-LTS-1) for windows-amd64 JRE (11.0.16.1+1-LTS-1), built on Aug 16 2022 01:46:01 by "mach5one" with MS VC++ 15.9 (VS2017)

END.
